2025-12-07 09:57:49,624 | INFO | ✅ Redis connected successfully
2025-12-07 09:57:49,624 | INFO | ✅ Redis cache layer initialized
2025-12-07 09:57:49,624 | INFO | 🔥 Warming up cache with common endpoints...
2025-12-07 09:57:49,624 | INFO | ✅ Cache warmup complete: 0 keys
2025-12-07 09:57:57,529 | INFO | GET /metrics → 404 (0.41ms)
2025-12-07 09:58:07,505 | INFO | GET /metrics → 404 (1.62ms)
2025-12-07 09:58:17,506 | INFO | GET /metrics → 404 (1.27ms)
2025-12-07 09:58:27,501 | INFO | GET /metrics → 404 (1.20ms)
2025-12-07 09:58:37,500 | INFO | GET /metrics → 404 (0.93ms)
2025-12-07 09:58:47,506 | INFO | GET /metrics → 404 (0.92ms)
2025-12-07 09:58:57,512 | INFO | GET /metrics → 404 (1.03ms)
2025-12-07 09:59:07,503 | INFO | GET /metrics → 404 (1.04ms)
2025-12-07 09:59:17,504 | INFO | GET /metrics → 404 (1.11ms)
2025-12-07 09:59:27,502 | INFO | GET /metrics → 404 (0.99ms)
2025-12-07 09:59:37,501 | INFO | GET /metrics → 404 (0.64ms)
2025-12-07 09:59:47,502 | INFO | GET /metrics → 404 (0.94ms)
2025-12-07 09:59:57,505 | INFO | GET /metrics → 404 (0.97ms)
2025-12-07 10:00:07,499 | INFO | GET /metrics → 404 (0.75ms)
2025-12-07 10:00:17,502 | INFO | GET /metrics → 404 (1.35ms)
2025-12-07 10:00:27,504 | INFO | GET /metrics → 404 (1.28ms)
2025-12-07 10:00:37,505 | INFO | GET /metrics → 404 (1.07ms)
2025-12-07 10:00:47,501 | INFO | GET /metrics → 404 (0.84ms)
2025-12-07 10:00:57,501 | INFO | GET /metrics → 404 (0.98ms)
2025-12-07 10:01:07,505 | INFO | GET /metrics → 404 (1.36ms)
2025-12-07 10:01:17,503 | INFO | GET /metrics → 404 (1.00ms)
2025-12-07 10:01:27,503 | INFO | GET /metrics → 404 (0.98ms)
2025-12-07 10:01:37,506 | INFO | GET /metrics → 404 (1.49ms)
2025-12-07 10:01:47,500 | INFO | GET /metrics → 404 (0.78ms)
2025-12-07 10:01:57,510 | INFO | GET /metrics → 404 (1.42ms)
2025-12-07 10:02:07,507 | INFO | GET /metrics → 404 (1.40ms)
2025-12-07 10:02:17,506 | INFO | GET /metrics → 404 (1.53ms)
2025-12-07 10:02:27,506 | INFO | GET /metrics → 404 (1.31ms)
2025-12-07 10:02:37,504 | INFO | GET /metrics → 404 (1.42ms)
2025-12-07 10:02:47,507 | INFO | GET /metrics → 404 (1.46ms)
2025-12-07 10:02:57,508 | INFO | GET /metrics → 404 (1.35ms)
2025-12-07 10:03:07,503 | INFO | GET /metrics → 404 (1.04ms)
2025-12-07 10:03:13,792 | INFO | ✅ Redis connected successfully
2025-12-07 10:03:13,792 | INFO | ✅ Redis cache layer initialized
2025-12-07 10:03:13,792 | INFO | 🔥 Warming up cache with common endpoints...
2025-12-07 10:03:13,792 | INFO | ✅ Cache warmup complete: 0 keys
2025-12-07 10:03:17,522 | INFO | GET /metrics → 404 (1.37ms)
2025-12-07 10:03:27,503 | INFO | GET /metrics → 404 (1.47ms)
2025-12-07 10:03:37,507 | INFO | GET /metrics → 404 (1.65ms)
2025-12-07 10:03:47,505 | INFO | GET /metrics → 404 (0.92ms)
2025-12-07 10:03:57,501 | INFO | GET /metrics → 404 (0.79ms)
2025-12-07 10:04:07,503 | INFO | GET /metrics → 404 (0.93ms)
2025-12-07 10:04:17,507 | INFO | GET /metrics → 404 (1.48ms)
2025-12-07 10:04:27,505 | INFO | GET /metrics → 404 (0.83ms)
2025-12-07 10:04:37,506 | INFO | GET /metrics → 404 (1.55ms)
2025-12-07 10:04:47,509 | INFO | GET /metrics → 404 (1.49ms)
2025-12-07 10:04:57,506 | INFO | GET /metrics → 404 (0.94ms)
2025-12-07 10:05:07,504 | INFO | GET /metrics → 404 (2.03ms)
2025-12-07 10:05:17,503 | INFO | GET /metrics → 404 (1.02ms)
2025-12-07 10:05:27,506 | INFO | GET /metrics → 404 (1.42ms)
2025-12-07 10:05:37,507 | INFO | GET /metrics → 404 (1.46ms)
2025-12-07 10:05:47,510 | INFO | GET /metrics → 404 (1.25ms)
2025-12-07 10:05:57,504 | INFO | GET /metrics → 404 (0.99ms)
2025-12-07 10:06:07,503 | INFO | GET /metrics → 404 (1.42ms)
2025-12-07 10:06:17,503 | INFO | GET /metrics → 404 (1.15ms)
2025-12-07 10:06:27,504 | INFO | GET /metrics → 404 (1.01ms)
2025-12-07 10:06:37,503 | INFO | GET /metrics → 404 (0.59ms)
2025-12-07 10:06:47,505 | INFO | GET /metrics → 404 (1.05ms)
2025-12-07 10:06:57,508 | INFO | GET /metrics → 404 (1.16ms)
2025-12-07 10:07:18,075 | INFO | ✅ Redis connected successfully
2025-12-07 10:07:18,075 | INFO | ✅ Redis cache layer initialized
2025-12-07 10:07:18,075 | INFO | 🔥 Warming up cache with common endpoints...
2025-12-07 10:07:18,075 | INFO | ✅ Cache warmup complete: 0 keys
2025-12-07 10:07:27,509 | INFO | GET /metrics → 404 (0.46ms)
2025-12-07 10:07:37,507 | INFO | GET /metrics → 404 (1.03ms)
2025-12-07 10:07:47,505 | INFO | GET /metrics → 404 (1.34ms)
2025-12-07 10:07:57,508 | INFO | GET /metrics → 404 (1.07ms)
2025-12-07 10:08:07,507 | INFO | GET /metrics → 404 (1.28ms)
2025-12-07 10:08:15,479 | INFO | GET /static/index.html → 200 (26.09ms)
2025-12-07 10:08:15,538 | INFO | GET /favicon.ico → 404 (0.65ms)
2025-12-07 10:08:17,507 | INFO | GET /metrics → 404 (1.39ms)
2025-12-07 10:08:27,508 | INFO | GET /metrics → 404 (1.14ms)
2025-12-07 10:08:37,506 | INFO | GET /metrics → 404 (0.61ms)
2025-12-07 10:08:47,507 | INFO | GET /metrics → 404 (0.75ms)
2025-12-07 10:08:57,503 | INFO | GET /metrics → 404 (1.03ms)
2025-12-07 10:09:07,504 | INFO | GET /metrics → 404 (0.98ms)
2025-12-07 10:09:17,511 | INFO | GET /metrics → 404 (1.58ms)
2025-12-07 10:10:02,428 | INFO | GET /metrics → 404 (1.33ms)
2025-12-07 10:10:12,423 | INFO | GET /metrics → 404 (1.36ms)
2025-12-07 10:29:26,279 | INFO | GET /metrics → 404 (1.19ms)
2025-12-07 10:30:14,962 | INFO | GET /metrics → 404 (9.08ms)
2025-12-07 10:30:24,949 | INFO | GET /metrics → 404 (0.77ms)
2025-12-07 10:30:34,948 | INFO | GET /metrics → 404 (1.02ms)
2025-12-07 10:30:44,951 | INFO | GET /metrics → 404 (2.29ms)
2025-12-07 10:30:54,945 | INFO | GET /metrics → 404 (1.89ms)
2025-12-07 10:31:04,945 | INFO | GET /metrics → 404 (1.93ms)
2025-12-07 10:31:14,946 | INFO | GET /metrics → 404 (2.49ms)
2025-12-07 10:31:24,947 | INFO | GET /metrics → 404 (1.75ms)
2025-12-07 10:31:34,944 | INFO | GET /metrics → 404 (0.69ms)
2025-12-07 10:31:44,946 | INFO | GET /metrics → 404 (1.74ms)
2025-12-07 10:31:54,947 | INFO | GET /metrics → 404 (1.70ms)
2025-12-07 10:32:04,948 | INFO | GET /metrics → 404 (1.72ms)
2025-12-07 10:32:14,949 | INFO | GET /metrics → 404 (2.12ms)
2025-12-07 10:32:24,946 | INFO | GET /metrics → 404 (0.89ms)
2025-12-07 10:32:34,947 | INFO | GET /metrics → 404 (0.70ms)
2025-12-07 10:32:44,942 | INFO | GET /metrics → 404 (0.69ms)
2025-12-07 10:32:54,946 | INFO | GET /metrics → 404 (0.77ms)
2025-12-07 10:33:04,948 | INFO | GET /metrics → 404 (2.28ms)
2025-12-07 10:33:14,942 | INFO | GET /metrics → 404 (0.82ms)
2025-12-07 10:33:24,947 | INFO | GET /metrics → 404 (1.19ms)
2025-12-07 10:33:34,960 | INFO | GET /metrics → 404 (0.79ms)
2025-12-07 10:33:44,944 | INFO | GET /metrics → 404 (1.14ms)
2025-12-07 10:33:54,946 | INFO | GET /metrics → 404 (0.76ms)
2025-12-07 10:34:04,948 | INFO | GET /metrics → 404 (2.18ms)
2025-12-07 10:34:14,943 | INFO | GET /metrics → 404 (0.68ms)
2025-12-07 10:34:24,946 | INFO | GET /metrics → 404 (1.16ms)
2025-12-07 10:34:34,943 | INFO | GET /metrics → 404 (0.63ms)
2025-12-07 10:34:44,944 | INFO | GET /metrics → 404 (0.63ms)
2025-12-07 10:34:54,944 | INFO | GET /metrics → 404 (0.73ms)
2025-12-07 10:35:04,950 | INFO | GET /metrics → 404 (1.09ms)
2025-12-07 10:35:14,944 | INFO | GET /metrics → 404 (1.00ms)
2025-12-07 10:35:24,943 | INFO | GET /metrics → 404 (0.75ms)
2025-12-07 10:35:34,948 | INFO | GET /metrics → 404 (1.37ms)
2025-12-07 10:35:44,946 | INFO | GET /metrics → 404 (0.68ms)
2025-12-07 10:35:54,947 | INFO | GET /metrics → 404 (0.96ms)
2025-12-07 10:36:04,943 | INFO | GET /metrics → 404 (0.64ms)
2025-12-07 10:36:14,945 | INFO | GET /metrics → 404 (0.78ms)
2025-12-07 10:36:24,946 | INFO | GET /metrics → 404 (0.71ms)
2025-12-07 10:36:34,946 | INFO | GET /metrics → 404 (0.69ms)
2025-12-07 10:36:44,947 | INFO | GET /metrics → 404 (0.80ms)
2025-12-07 10:36:54,952 | INFO | GET /metrics → 404 (0.73ms)
2025-12-07 10:37:04,946 | INFO | GET /metrics → 404 (0.72ms)
2025-12-07 10:47:20,501 | INFO | ✅ Redis connected successfully
2025-12-07 10:47:20,501 | INFO | ✅ Redis cache layer initialized
2025-12-07 10:47:20,501 | INFO | 🔥 Warming up cache with common endpoints...
2025-12-07 10:47:20,501 | INFO | ✅ Cache warmup complete: 0 keys
2025-12-07 10:47:24,957 | INFO | Request started
2025-12-07 10:47:24,958 | INFO | Request completed
2025-12-07 10:47:24,959 | INFO | GET /metrics → 404 (2.03ms)
2025-12-07 10:47:34,953 | INFO | Request started
2025-12-07 10:47:34,954 | INFO | Request completed
2025-12-07 10:47:34,955 | INFO | GET /metrics → 404 (2.01ms)
2025-12-07 10:47:44,959 | INFO | Request started
2025-12-07 10:47:44,961 | INFO | Request completed
2025-12-07 10:47:44,961 | INFO | GET /metrics → 404 (2.69ms)
2025-12-07 10:47:54,953 | INFO | Request started
2025-12-07 10:47:54,954 | INFO | Request completed
2025-12-07 10:47:54,954 | INFO | GET /metrics → 404 (1.65ms)
2025-12-07 10:48:04,952 | INFO | Request started
2025-12-07 10:48:04,954 | INFO | Request completed
2025-12-07 10:48:04,954 | INFO | GET /metrics → 404 (2.54ms)
2025-12-07 10:48:14,958 | INFO | Request started
2025-12-07 10:48:14,959 | INFO | Request completed
2025-12-07 10:48:14,960 | INFO | GET /metrics → 404 (2.37ms)
2025-12-07 10:48:24,959 | INFO | Request started
2025-12-07 10:48:24,961 | INFO | Request completed
2025-12-07 10:48:24,962 | INFO | GET /metrics → 404 (2.93ms)
2025-12-07 10:48:34,956 | INFO | Request started
2025-12-07 10:48:34,958 | INFO | Request completed
2025-12-07 10:48:34,959 | INFO | GET /metrics → 404 (3.33ms)
2025-12-07 10:48:44,958 | INFO | Request started
2025-12-07 10:48:44,960 | INFO | Request completed
2025-12-07 10:48:44,960 | INFO | GET /metrics → 404 (2.77ms)
2025-12-07 10:48:54,959 | INFO | Request started
2025-12-07 10:48:54,961 | INFO | Request completed
2025-12-07 10:48:54,962 | INFO | GET /metrics → 404 (3.46ms)
2025-12-07 10:49:04,960 | INFO | Request started
2025-12-07 10:49:04,962 | INFO | Request completed
2025-12-07 10:49:04,962 | INFO | GET /metrics → 404 (2.93ms)
2025-12-07 10:49:14,957 | INFO | Request started
2025-12-07 10:49:14,959 | INFO | Request completed
2025-12-07 10:49:14,960 | INFO | GET /metrics → 404 (3.30ms)
2025-12-07 10:49:24,958 | INFO | Request started
2025-12-07 10:49:24,960 | INFO | Request completed
2025-12-07 10:49:24,961 | INFO | GET /metrics → 404 (3.21ms)
2025-12-07 10:49:34,959 | INFO | Request started
2025-12-07 10:49:35,001 | INFO | Request completed
2025-12-07 10:49:35,002 | INFO | GET /metrics → 404 (43.33ms)
2025-12-07 10:49:44,961 | INFO | Request started
2025-12-07 10:49:44,963 | INFO | Request completed
2025-12-07 10:49:44,964 | INFO | GET /metrics → 404 (3.09ms)
2025-12-07 10:49:54,957 | INFO | Request started
2025-12-07 10:49:54,959 | INFO | Request completed
2025-12-07 10:49:54,960 | INFO | GET /metrics → 404 (3.28ms)
2025-12-07 10:53:32,248 | INFO | Request started
2025-12-07 10:53:32,250 | INFO | Request completed
2025-12-07 10:53:32,251 | INFO | GET /metrics → 404 (3.67ms)
2025-12-07 10:53:42,254 | INFO | Request started
2025-12-07 10:53:42,256 | INFO | Request completed
2025-12-07 10:53:42,257 | INFO | GET /metrics → 404 (3.21ms)
2025-12-07 10:55:29,216 | INFO | Request started
2025-12-07 10:55:29,218 | INFO | Request completed
2025-12-07 10:55:29,218 | INFO | GET /metrics → 404 (2.47ms)
2025-12-07 10:55:39,213 | INFO | Request started
2025-12-07 10:55:39,219 | INFO | Request completed
2025-12-07 10:55:39,220 | INFO | GET /metrics → 404 (8.55ms)
2025-12-07 10:55:40,459 | INFO | Request started
2025-12-07 10:55:40,467 | INFO | Request completed
2025-12-07 10:55:40,468 | INFO | GET /static/index.html → 200 (9.77ms)
2025-12-07 10:55:49,208 | INFO | Request started
2025-12-07 10:55:49,210 | INFO | Request completed
2025-12-07 10:55:49,211 | INFO | GET /metrics → 404 (3.19ms)
2025-12-07 10:55:59,214 | INFO | Request started
2025-12-07 10:55:59,217 | INFO | Request completed
2025-12-07 10:55:59,218 | INFO | GET /metrics → 404 (5.48ms)
2025-12-07 10:56:09,205 | INFO | Request started
2025-12-07 10:56:09,206 | INFO | Request completed
2025-12-07 10:56:09,207 | INFO | GET /metrics → 404 (2.38ms)
2025-12-07 10:56:19,211 | INFO | Request started
2025-12-07 10:56:19,215 | INFO | Request completed
2025-12-07 10:56:19,215 | INFO | GET /metrics → 404 (5.57ms)
2025-12-07 10:56:29,212 | INFO | Request started
2025-12-07 10:56:29,214 | INFO | Request completed
2025-12-07 10:56:29,215 | INFO | GET /metrics → 404 (3.53ms)
2025-12-07 10:56:39,202 | INFO | Request started
2025-12-07 10:56:39,203 | INFO | Request completed
2025-12-07 10:56:39,204 | INFO | GET /metrics → 404 (2.23ms)
2025-12-07 10:56:49,212 | INFO | Request started
2025-12-07 10:56:49,217 | INFO | Request completed
2025-12-07 10:56:49,218 | INFO | GET /metrics → 404 (7.40ms)
2025-12-07 10:56:59,207 | INFO | Request started
2025-12-07 10:56:59,209 | INFO | Request completed
2025-12-07 10:56:59,209 | INFO | GET /metrics → 404 (3.15ms)
2025-12-07 10:57:09,209 | INFO | Request started
2025-12-07 10:57:09,211 | INFO | Request completed
2025-12-07 10:57:09,211 | INFO | GET /metrics → 404 (3.02ms)
2025-12-07 10:57:19,206 | INFO | Request started
2025-12-07 10:57:19,207 | INFO | Request completed
2025-12-07 10:57:19,208 | INFO | GET /metrics → 404 (2.27ms)
2025-12-07 10:57:29,206 | INFO | Request started
2025-12-07 10:57:29,209 | INFO | Request completed
2025-12-07 10:57:29,209 | INFO | GET /metrics → 404 (3.28ms)
2025-12-07 10:57:39,209 | INFO | Request started
2025-12-07 10:57:39,210 | INFO | Request completed
2025-12-07 10:57:39,211 | INFO | GET /metrics → 404 (2.61ms)
2025-12-07 10:57:49,208 | INFO | Request started
2025-12-07 10:57:49,211 | INFO | Request completed
2025-12-07 10:57:49,211 | INFO | GET /metrics → 404 (3.30ms)
2025-12-07 10:57:59,207 | INFO | Request started
2025-12-07 10:57:59,209 | INFO | Request completed
2025-12-07 10:57:59,209 | INFO | GET /metrics → 404 (2.27ms)
2025-12-07 10:58:09,204 | INFO | Request started
2025-12-07 10:58:09,206 | INFO | Request completed
2025-12-07 10:58:09,206 | INFO | GET /metrics → 404 (2.22ms)
2025-12-07 10:58:19,211 | INFO | Request started
2025-12-07 10:58:19,213 | INFO | Request completed
2025-12-07 10:58:19,214 | INFO | GET /metrics → 404 (2.40ms)
2025-12-07 10:58:29,205 | INFO | Request started
2025-12-07 10:58:29,207 | INFO | Request completed
2025-12-07 10:58:29,207 | INFO | GET /metrics → 404 (2.74ms)
2025-12-07 10:58:39,208 | INFO | Request started
2025-12-07 10:58:39,210 | INFO | Request completed
2025-12-07 10:58:39,211 | INFO | GET /metrics → 404 (3.02ms)
2025-12-07 10:58:49,207 | INFO | Request started
2025-12-07 10:58:49,208 | INFO | Request completed
2025-12-07 10:58:49,209 | INFO | GET /metrics → 404 (2.23ms)
2025-12-07 10:58:59,206 | INFO | Request started
2025-12-07 10:58:59,208 | INFO | Request completed
2025-12-07 10:58:59,209 | INFO | GET /metrics → 404 (3.40ms)
2025-12-07 10:59:09,208 | INFO | Request started
2025-12-07 10:59:09,211 | INFO | Request completed
2025-12-07 10:59:09,211 | INFO | GET /metrics → 404 (3.44ms)
2025-12-07 10:59:19,210 | INFO | Request started
2025-12-07 10:59:19,212 | INFO | Request completed
2025-12-07 10:59:19,213 | INFO | GET /metrics → 404 (3.28ms)
2025-12-07 10:59:29,208 | INFO | Request started
2025-12-07 10:59:29,210 | INFO | Request completed
2025-12-07 10:59:29,211 | INFO | GET /metrics → 404 (3.42ms)
2025-12-07 10:59:39,209 | INFO | Request started
2025-12-07 10:59:39,211 | INFO | Request completed
2025-12-07 10:59:39,211 | INFO | GET /metrics → 404 (2.83ms)
2025-12-07 10:59:49,210 | INFO | Request started
2025-12-07 10:59:49,212 | INFO | Request completed
2025-12-07 10:59:49,212 | INFO | GET /metrics → 404 (3.24ms)
2025-12-07 10:59:59,207 | INFO | Request started
2025-12-07 10:59:59,210 | INFO | Request completed
2025-12-07 10:59:59,210 | INFO | GET /metrics → 404 (3.35ms)
2025-12-07 11:00:09,210 | INFO | Request started
2025-12-07 11:00:09,212 | INFO | Request completed
2025-12-07 11:00:09,213 | INFO | GET /metrics → 404 (3.10ms)
2025-12-07 11:00:19,208 | INFO | Request started
2025-12-07 11:00:19,210 | INFO | Request completed
2025-12-07 11:00:19,211 | INFO | GET /metrics → 404 (3.33ms)
2025-12-07 11:00:29,216 | INFO | Request started
2025-12-07 11:00:29,218 | INFO | Request completed
2025-12-07 11:00:29,219 | INFO | GET /metrics → 404 (3.58ms)
2025-12-07 11:00:39,207 | INFO | Request started
2025-12-07 11:00:39,209 | INFO | Request completed
2025-12-07 11:00:39,210 | INFO | GET /metrics → 404 (3.65ms)
2025-12-07 11:00:49,211 | INFO | Request started
2025-12-07 11:00:49,214 | INFO | Request completed
2025-12-07 11:00:49,214 | INFO | GET /metrics → 404 (3.79ms)
2025-12-07 11:00:59,211 | INFO | Request started
2025-12-07 11:00:59,213 | INFO | Request completed
2025-12-07 11:00:59,214 | INFO | GET /metrics → 404 (3.55ms)
2025-12-07 11:01:09,218 | INFO | Request started
2025-12-07 11:01:09,220 | INFO | Request completed
2025-12-07 11:01:09,221 | INFO | GET /metrics → 404 (3.27ms)
2025-12-07 11:10:51,390 | INFO | Request started
2025-12-07 11:10:51,394 | INFO | Request completed
2025-12-07 11:10:51,395 | INFO | GET /metrics → 404 (6.20ms)
2025-12-07 11:11:01,384 | INFO | Request started
2025-12-07 11:11:01,387 | INFO | Request completed
2025-12-07 11:11:01,387 | INFO | GET /metrics → 404 (3.63ms)
2025-12-07 11:11:11,381 | INFO | Request started
2025-12-07 11:11:11,384 | INFO | Request completed
2025-12-07 11:11:11,385 | INFO | GET /metrics → 404 (4.14ms)
2025-12-07 11:11:21,377 | INFO | Request started
2025-12-07 11:11:21,379 | INFO | Request completed
2025-12-07 11:11:21,379 | INFO | GET /metrics → 404 (2.41ms)
2025-12-07 11:11:31,388 | INFO | Request started
2025-12-07 11:11:31,391 | INFO | Request completed
2025-12-07 11:11:31,392 | INFO | GET /metrics → 404 (5.00ms)
2025-12-07 11:11:41,377 | INFO | Request started
2025-12-07 11:11:41,379 | INFO | Request completed
2025-12-07 11:11:41,380 | INFO | GET /metrics → 404 (3.01ms)
2025-12-07 11:11:48,861 | INFO | Request started
2025-12-07 11:11:48,869 | INFO | Request completed
2025-12-07 11:11:48,869 | INFO | GET /static/index.html → 304 (10.44ms)
2025-12-07 11:11:49,706 | INFO | Request started
2025-12-07 11:11:49,708 | INFO | Request completed
2025-12-07 11:11:49,709 | INFO | GET /static/index.html → 304 (3.53ms)
2025-12-07 11:11:50,818 | INFO | Request started
2025-12-07 11:11:50,821 | INFO | Request completed
2025-12-07 11:11:50,822 | INFO | GET /static/index.html → 304 (4.09ms)
2025-12-07 11:11:51,381 | INFO | Request started
2025-12-07 11:11:51,383 | INFO | Request completed
2025-12-07 11:11:51,383 | INFO | GET /metrics → 404 (2.66ms)
2025-12-07 11:12:01,380 | INFO | Request started
2025-12-07 11:12:01,382 | INFO | Request completed
2025-12-07 11:12:01,382 | INFO | GET /metrics → 404 (3.08ms)
2025-12-07 11:12:11,378 | INFO | Request started
2025-12-07 11:12:11,380 | INFO | Request completed
2025-12-07 11:12:11,381 | INFO | GET /metrics → 404 (2.62ms)
2025-12-07 11:12:21,383 | INFO | Request started
2025-12-07 11:12:21,386 | INFO | Request completed
2025-12-07 11:12:21,386 | INFO | GET /metrics → 404 (3.57ms)
2025-12-07 11:12:31,382 | INFO | Request started
2025-12-07 11:12:31,384 | INFO | Request completed
2025-12-07 11:12:31,385 | INFO | GET /metrics → 404 (2.94ms)
2025-12-07 11:12:41,378 | INFO | Request started
2025-12-07 11:12:41,381 | INFO | Request completed
2025-12-07 11:12:41,382 | INFO | GET /metrics → 404 (4.07ms)
2025-12-07 11:12:51,380 | INFO | Request started
2025-12-07 11:12:51,382 | INFO | Request completed
2025-12-07 11:12:51,383 | INFO | GET /metrics → 404 (3.58ms)
2025-12-07 11:13:01,378 | INFO | Request started
2025-12-07 11:13:01,382 | INFO | Request completed
2025-12-07 11:13:01,382 | INFO | GET /metrics → 404 (4.31ms)
2025-12-07 11:13:11,377 | INFO | Request started
2025-12-07 11:13:11,379 | INFO | Request completed
2025-12-07 11:13:11,380 | INFO | GET /metrics → 404 (3.62ms)
2025-12-07 11:13:21,378 | INFO | Request started
2025-12-07 11:13:21,380 | INFO | Request completed
2025-12-07 11:13:21,381 | INFO | GET /metrics → 404 (3.35ms)
2025-12-07 11:13:31,380 | INFO | Request started
2025-12-07 11:13:31,382 | INFO | Request completed
2025-12-07 11:13:31,383 | INFO | GET /metrics → 404 (2.90ms)
2025-12-07 11:13:41,377 | INFO | Request started
2025-12-07 11:13:41,380 | INFO | Request completed
2025-12-07 11:13:41,381 | INFO | GET /metrics → 404 (3.80ms)
2025-12-07 11:13:51,380 | INFO | Request started
2025-12-07 11:13:51,382 | INFO | Request completed
2025-12-07 11:13:51,383 | INFO | GET /metrics → 404 (2.89ms)
2025-12-07 11:14:01,374 | INFO | Request started
2025-12-07 11:14:01,376 | INFO | Request completed
2025-12-07 11:14:01,376 | INFO | GET /metrics → 404 (2.62ms)
2025-12-07 11:14:11,378 | INFO | Request started
2025-12-07 11:14:11,380 | INFO | Request completed
2025-12-07 11:14:11,380 | INFO | GET /metrics → 404 (2.24ms)
2025-12-07 11:14:21,374 | INFO | Request started
2025-12-07 11:14:21,377 | INFO | Request completed
2025-12-07 11:14:21,377 | INFO | GET /metrics → 404 (3.21ms)
2025-12-07 11:14:31,383 | INFO | Request started
2025-12-07 11:14:31,386 | INFO | Request completed
2025-12-07 11:14:31,387 | INFO | GET /metrics → 404 (4.22ms)
2025-12-07 11:14:41,378 | INFO | Request started
2025-12-07 11:14:41,380 | INFO | Request completed
2025-12-07 11:14:41,380 | INFO | GET /metrics → 404 (2.65ms)
2025-12-07 11:14:51,376 | INFO | Request started
2025-12-07 11:14:51,379 | INFO | Request completed
2025-12-07 11:14:51,380 | INFO | GET /metrics → 404 (3.79ms)
2025-12-07 11:15:01,377 | INFO | Request started
2025-12-07 11:15:01,379 | INFO | Request completed
2025-12-07 11:15:01,380 | INFO | GET /metrics → 404 (3.31ms)
2025-12-07 11:15:11,375 | INFO | Request started
2025-12-07 11:15:11,377 | INFO | Request completed
2025-12-07 11:15:11,378 | INFO | GET /metrics → 404 (3.14ms)
2025-12-07 11:15:21,376 | INFO | Request started
2025-12-07 11:15:21,378 | INFO | Request completed
2025-12-07 11:15:21,378 | INFO | GET /metrics → 404 (2.37ms)
2025-12-07 11:15:31,378 | INFO | Request started
2025-12-07 11:15:31,380 | INFO | Request completed
2025-12-07 11:15:31,381 | INFO | GET /metrics → 404 (3.69ms)
2025-12-07 11:15:41,377 | INFO | Request started
2025-12-07 11:15:41,379 | INFO | Request completed
2025-12-07 11:15:41,380 | INFO | GET /metrics → 404 (3.11ms)
2025-12-07 11:15:51,377 | INFO | Request started
2025-12-07 11:15:51,379 | INFO | Request completed
2025-12-07 11:15:51,379 | INFO | GET /metrics → 404 (2.65ms)
2025-12-07 11:16:01,378 | INFO | Request started
2025-12-07 11:16:01,380 | INFO | Request completed
2025-12-07 11:16:01,381 | INFO | GET /metrics → 404 (3.36ms)
2025-12-07 11:16:11,376 | INFO | Request started
2025-12-07 11:16:11,377 | INFO | Request completed
2025-12-07 11:16:11,378 | INFO | GET /metrics → 404 (2.70ms)
2025-12-07 11:16:21,382 | INFO | Request started
2025-12-07 11:16:21,385 | INFO | Request completed
2025-12-07 11:16:21,385 | INFO | GET /metrics → 404 (3.60ms)
2025-12-07 11:16:31,378 | INFO | Request started
2025-12-07 11:16:31,380 | INFO | Request completed
2025-12-07 11:16:31,381 | INFO | GET /metrics → 404 (3.33ms)
2025-12-07 11:16:41,379 | INFO | Request started
2025-12-07 11:16:41,381 | INFO | Request completed
2025-12-07 11:16:41,382 | INFO | GET /metrics → 404 (3.41ms)
2025-12-07 11:16:51,380 | INFO | Request started
2025-12-07 11:16:51,382 | INFO | Request completed
2025-12-07 11:16:51,383 | INFO | GET /metrics → 404 (3.31ms)
2025-12-07 11:17:01,380 | INFO | Request started
2025-12-07 11:17:01,382 | INFO | Request completed
2025-12-07 11:17:01,383 | INFO | GET /metrics → 404 (3.80ms)
2025-12-07 11:17:11,379 | INFO | Request started
2025-12-07 11:17:11,381 | INFO | Request completed
2025-12-07 11:17:11,383 | INFO | GET /metrics → 404 (4.72ms)
2025-12-07 11:17:21,379 | INFO | Request started
2025-12-07 11:17:21,382 | INFO | Request completed
2025-12-07 11:17:21,382 | INFO | GET /metrics → 404 (3.58ms)
2025-12-07 11:17:31,377 | INFO | Request started
2025-12-07 11:17:31,379 | INFO | Request completed
2025-12-07 11:17:31,380 | INFO | GET /metrics → 404 (3.26ms)
2025-12-07 11:17:41,380 | INFO | Request started
2025-12-07 11:17:41,384 | INFO | Request completed
2025-12-07 11:17:41,384 | INFO | GET /metrics → 404 (4.58ms)
2025-12-07 11:17:51,381 | INFO | Request started
2025-12-07 11:17:51,383 | INFO | Request completed
2025-12-07 11:17:51,384 | INFO | GET /metrics → 404 (2.92ms)
2025-12-07 11:18:01,378 | INFO | Request started
2025-12-07 11:18:01,380 | INFO | Request completed
2025-12-07 11:18:01,381 | INFO | GET /metrics → 404 (3.22ms)
2025-12-07 11:18:11,379 | INFO | Request started
2025-12-07 11:18:11,382 | INFO | Request completed
2025-12-07 11:18:11,383 | INFO | GET /metrics → 404 (4.23ms)
2025-12-07 11:18:21,379 | INFO | Request started
2025-12-07 11:18:21,381 | INFO | Request completed
2025-12-07 11:18:21,382 | INFO | GET /metrics → 404 (3.43ms)
2025-12-07 11:18:31,375 | INFO | Request started
2025-12-07 11:18:31,377 | INFO | Request completed
2025-12-07 11:18:31,378 | INFO | GET /metrics → 404 (3.17ms)
2025-12-07 11:18:41,377 | INFO | Request started
2025-12-07 11:18:41,381 | INFO | Request completed
2025-12-07 11:18:41,381 | INFO | GET /metrics → 404 (4.34ms)
2025-12-07 11:18:51,375 | INFO | Request started
2025-12-07 11:18:51,377 | INFO | Request completed
2025-12-07 11:18:51,377 | INFO | GET /metrics → 404 (3.08ms)
2025-12-07 11:22:11,143 | INFO | Request started
2025-12-07 11:22:11,147 | INFO | Request completed
2025-12-07 11:22:11,148 | INFO | GET /metrics → 404 (6.39ms)
2025-12-07 11:22:30,051 | INFO | Request started
2025-12-07 11:22:30,056 | INFO | Request completed
2025-12-07 11:22:30,056 | INFO | GET /metrics → 404 (6.33ms)
2025-12-07 11:22:40,043 | INFO | Request started
2025-12-07 11:22:40,045 | INFO | Request completed
2025-12-07 11:22:40,045 | INFO | GET /metrics → 404 (2.78ms)
2025-12-07 14:01:48,561 | INFO | ✅ Redis connected successfully
2025-12-07 14:01:48,561 | INFO | ✅ Redis cache layer initialized
2025-12-07 14:01:48,561 | INFO | 🔥 Warming up cache with common endpoints...
2025-12-07 14:01:48,561 | INFO | ✅ Cache warmup complete: 0 keys
2025-12-07 14:01:53,095 | INFO | Request started
2025-12-07 14:01:53,098 | INFO | Request completed
2025-12-07 14:01:53,098 | INFO | GET /metrics → 404 (3.24ms)
2025-12-07 14:02:03,082 | INFO | Request started
2025-12-07 14:02:03,084 | INFO | Request completed
2025-12-07 14:02:03,085 | INFO | GET /metrics → 404 (3.26ms)
2025-12-07 14:02:13,082 | INFO | Request started
2025-12-07 14:02:13,085 | INFO | Request completed
2025-12-07 14:02:13,085 | INFO | GET /metrics → 404 (3.63ms)
2025-12-07 14:02:23,086 | INFO | Request started
2025-12-07 14:02:23,089 | INFO | Request completed
2025-12-07 14:02:23,089 | INFO | GET /metrics → 404 (4.51ms)
2025-12-07 14:02:24,103 | INFO | Request started
2025-12-07 14:02:24,142 | INFO | Request completed
2025-12-07 14:02:24,142 | INFO | GET /static/index.html → 304 (39.74ms)
2025-12-07 14:02:24,946 | INFO | Request started
2025-12-07 14:02:24,947 | INFO | Request completed
2025-12-07 14:02:24,948 | INFO | GET /static/index.html → 304 (2.08ms)
2025-12-07 14:02:33,080 | INFO | Request started
2025-12-07 14:02:33,082 | INFO | Request completed
2025-12-07 14:02:33,082 | INFO | GET /metrics → 404 (2.33ms)
2025-12-07 14:02:43,081 | INFO | Request started
2025-12-07 14:02:43,084 | INFO | Request completed
2025-12-07 14:02:43,085 | INFO | GET /metrics → 404 (3.52ms)
2025-12-07 14:02:53,077 | INFO | Request started
2025-12-07 14:02:53,078 | INFO | Request completed
2025-12-07 14:02:53,078 | INFO | GET /metrics → 404 (1.70ms)
2025-12-07 14:03:03,084 | INFO | Request started
2025-12-07 14:03:03,087 | INFO | Request completed
2025-12-07 14:03:03,088 | INFO | GET /metrics → 404 (6.07ms)
2025-12-07 14:03:13,083 | INFO | Request started
2025-12-07 14:03:13,086 | INFO | Request completed
2025-12-07 14:03:13,087 | INFO | GET /metrics → 404 (4.19ms)
2025-12-07 14:03:23,091 | INFO | Request started
2025-12-07 14:03:23,093 | INFO | Request completed
2025-12-07 14:03:23,094 | INFO | GET /metrics → 404 (4.02ms)
2025-12-07 14:03:33,075 | INFO | Request started
2025-12-07 14:03:33,077 | INFO | Request completed
2025-12-07 14:03:33,077 | INFO | GET /metrics → 404 (2.25ms)
2025-12-07 14:03:43,084 | INFO | Request started
2025-12-07 14:03:43,087 | INFO | Request completed
2025-12-07 14:03:43,087 | INFO | GET /metrics → 404 (4.53ms)
2025-12-07 14:03:53,073 | INFO | Request started
2025-12-07 14:03:53,075 | INFO | Request completed
2025-12-07 14:03:53,075 | INFO | GET /metrics → 404 (2.11ms)
2025-12-07 14:04:03,083 | INFO | Request started
2025-12-07 14:04:03,086 | INFO | Request completed
2025-12-07 14:04:03,087 | INFO | GET /metrics → 404 (5.03ms)
2025-12-07 14:04:04,056 | INFO | Request started
2025-12-07 14:04:04,059 | INFO | Request completed
2025-12-07 14:04:04,060 | INFO | GET /static/my.html → 200 (4.69ms)
2025-12-07 14:04:13,077 | INFO | Request started
2025-12-07 14:04:13,079 | INFO | Request completed
2025-12-07 14:04:13,079 | INFO | GET /metrics → 404 (2.26ms)
2025-12-07 14:04:23,082 | INFO | Request started
2025-12-07 14:04:23,085 | INFO | Request completed
2025-12-07 14:04:23,085 | INFO | GET /metrics → 404 (3.71ms)
2025-12-07 14:04:33,083 | INFO | Request started
2025-12-07 14:04:33,085 | INFO | Request completed
2025-12-07 14:04:33,086 | INFO | GET /metrics → 404 (3.56ms)
2025-12-07 14:04:43,082 | INFO | Request started
2025-12-07 14:04:43,084 | INFO | Request completed
2025-12-07 14:04:43,085 | INFO | GET /metrics → 404 (3.84ms)
2025-12-07 14:04:53,076 | INFO | Request started
2025-12-07 14:04:53,078 | INFO | Request completed
2025-12-07 14:04:53,079 | INFO | GET /metrics → 404 (3.16ms)
2025-12-07 14:04:58,390 | INFO | Request started
2025-12-07 14:04:58,393 | INFO | Request completed
2025-12-07 14:04:58,395 | INFO | GET /static/index.html → 200 (6.29ms)
2025-12-07 14:05:03,081 | INFO | Request started
2025-12-07 14:05:03,083 | INFO | Request completed
2025-12-07 14:05:03,084 | INFO | GET /metrics → 404 (3.05ms)
2025-12-07 14:05:13,082 | INFO | Request started
2025-12-07 14:05:13,084 | INFO | Request completed
2025-12-07 14:05:13,085 | INFO | GET /metrics → 404 (3.29ms)
2025-12-07 14:05:23,080 | INFO | Request started
2025-12-07 14:05:23,083 | INFO | Request completed
2025-12-07 14:05:23,083 | INFO | GET /metrics → 404 (3.33ms)
2025-12-07 14:05:33,079 | INFO | Request started
2025-12-07 14:05:33,081 | INFO | Request completed
2025-12-07 14:05:33,082 | INFO | GET /metrics → 404 (3.52ms)
2025-12-07 14:05:43,079 | INFO | Request started
2025-12-07 14:05:43,082 | INFO | Request completed
2025-12-07 14:05:43,083 | INFO | GET /metrics → 404 (3.65ms)
2025-12-07 14:05:53,079 | INFO | Request started
2025-12-07 14:05:53,081 | INFO | Request completed
2025-12-07 14:05:53,082 | INFO | GET /metrics → 404 (3.22ms)
2025-12-07 14:06:03,082 | INFO | Request started
2025-12-07 14:06:03,085 | INFO | Request completed
2025-12-07 14:06:03,086 | INFO | GET /metrics → 404 (4.71ms)
2025-12-07 14:06:13,077 | INFO | Request started
2025-12-07 14:06:13,079 | INFO | Request completed
2025-12-07 14:06:13,080 | INFO | GET /metrics → 404 (2.80ms)
2025-12-07 14:06:23,073 | INFO | Request started
2025-12-07 14:06:23,074 | INFO | Request completed
2025-12-07 14:06:23,075 | INFO | GET /metrics → 404 (2.32ms)
2025-12-07 14:06:31,078 | INFO | Request started
2025-12-07 14:06:31,080 | INFO | Request completed
2025-12-07 14:06:31,081 | INFO | GET /static/my.html → 304 (3.32ms)
2025-12-07 14:06:33,085 | INFO | Request started
2025-12-07 14:06:33,088 | INFO | Request completed
2025-12-07 14:06:33,094 | INFO | GET /metrics → 404 (8.82ms)
2025-12-07 14:06:43,081 | INFO | Request started
2025-12-07 14:06:43,084 | INFO | Request completed
2025-12-07 14:06:43,084 | INFO | GET /metrics → 404 (3.48ms)
2025-12-07 14:06:53,076 | INFO | Request started
2025-12-07 14:06:53,078 | INFO | Request completed
2025-12-07 14:06:53,079 | INFO | GET /metrics → 404 (3.22ms)
2025-12-07 14:07:03,079 | INFO | Request started
2025-12-07 14:07:03,081 | INFO | Request completed
2025-12-07 14:07:03,081 | INFO | GET /metrics → 404 (2.81ms)
2025-12-07 14:07:13,086 | INFO | Request started
2025-12-07 14:07:13,088 | INFO | Request completed
2025-12-07 14:07:13,088 | INFO | GET /metrics → 404 (2.77ms)
2025-12-07 14:07:23,076 | INFO | Request started
2025-12-07 14:07:23,078 | INFO | Request completed
2025-12-07 14:07:23,078 | INFO | GET /metrics → 404 (2.16ms)
2025-12-07 14:07:33,017 | INFO | Request started
2025-12-07 14:07:33,018 | INFO | Request completed
2025-12-07 14:07:33,019 | INFO | GET /metrics → 404 (2.47ms)
2025-12-07 14:07:43,020 | INFO | Request started
2025-12-07 14:07:43,021 | INFO | Request completed
2025-12-07 14:07:43,022 | INFO | GET /metrics → 404 (2.80ms)
2025-12-07 14:07:53,019 | INFO | Request started
2025-12-07 14:07:53,021 | INFO | Request completed
2025-12-07 14:07:53,021 | INFO | GET /metrics → 404 (3.20ms)
2025-12-07 14:08:03,018 | INFO | Request started
2025-12-07 14:08:03,020 | INFO | Request completed
2025-12-07 14:08:03,020 | INFO | GET /metrics → 404 (3.18ms)
2025-12-07 14:08:13,016 | INFO | Request started
2025-12-07 14:08:13,019 | INFO | Request completed
2025-12-07 14:08:13,020 | INFO | GET /metrics → 404 (4.00ms)
2025-12-07 14:08:23,020 | INFO | Request started
2025-12-07 14:08:23,022 | INFO | Request completed
2025-12-07 14:08:23,023 | INFO | GET /metrics → 404 (3.82ms)
2025-12-07 14:08:33,020 | INFO | Request started
2025-12-07 14:08:33,024 | INFO | Request completed
2025-12-07 14:08:33,025 | INFO | GET /metrics → 404 (5.88ms)
2025-12-07 14:08:43,016 | INFO | Request started
2025-12-07 14:08:43,018 | INFO | Request completed
2025-12-07 14:08:43,018 | INFO | GET /metrics → 404 (2.51ms)
2025-12-07 14:08:53,016 | INFO | Request started
2025-12-07 14:08:53,017 | INFO | Request completed
2025-12-07 14:08:53,018 | INFO | GET /metrics → 404 (2.03ms)
2025-12-07 14:09:03,014 | INFO | Request started
2025-12-07 14:09:03,016 | INFO | Request completed
2025-12-07 14:09:03,017 | INFO | GET /metrics → 404 (3.43ms)
2025-12-07 14:09:13,021 | INFO | Request started
2025-12-07 14:09:13,024 | INFO | Request completed
2025-12-07 14:09:13,024 | INFO | GET /metrics → 404 (3.99ms)
2025-12-07 14:09:23,021 | INFO | Request started
2025-12-07 14:09:23,023 | INFO | Request completed
2025-12-07 14:09:23,024 | INFO | GET /metrics → 404 (3.48ms)
2025-12-07 14:09:33,023 | INFO | Request started
2025-12-07 14:09:33,026 | INFO | Request completed
2025-12-07 14:09:33,026 | INFO | GET /metrics → 404 (4.67ms)
2025-12-07 14:09:43,015 | INFO | Request started
2025-12-07 14:09:43,019 | INFO | Request completed
2025-12-07 14:09:43,019 | INFO | GET /metrics → 404 (4.45ms)
2025-12-07 14:09:53,016 | INFO | Request started
2025-12-07 14:09:53,019 | INFO | Request completed
2025-12-07 14:09:53,019 | INFO | GET /metrics → 404 (3.07ms)
2025-12-07 14:10:03,020 | INFO | Request started
2025-12-07 14:10:03,022 | INFO | Request completed
2025-12-07 14:10:03,023 | INFO | GET /metrics → 404 (3.10ms)
2025-12-07 14:10:13,017 | INFO | Request started
2025-12-07 14:10:13,020 | INFO | Request completed
2025-12-07 14:10:13,021 | INFO | GET /metrics → 404 (4.48ms)
2025-12-07 14:10:23,017 | INFO | Request started
2025-12-07 14:10:23,018 | INFO | Request completed
2025-12-07 14:10:23,019 | INFO | GET /metrics → 404 (2.97ms)
2025-12-07 14:10:33,019 | INFO | Request started
2025-12-07 14:10:33,022 | INFO | Request completed
2025-12-07 14:10:33,023 | INFO | GET /metrics → 404 (4.27ms)
2025-12-07 14:10:43,017 | INFO | Request started
2025-12-07 14:10:43,018 | INFO | Request completed
2025-12-07 14:10:43,018 | INFO | GET /metrics → 404 (1.92ms)
2025-12-07 14:10:53,018 | INFO | Request started
2025-12-07 14:10:53,023 | INFO | Request completed
2025-12-07 14:10:53,023 | INFO | GET /metrics → 404 (7.13ms)
2025-12-07 14:11:03,011 | INFO | Request started
2025-12-07 14:11:03,012 | INFO | Request completed
2025-12-07 14:11:03,013 | INFO | GET /metrics → 404 (2.48ms)
2025-12-07 14:11:13,015 | INFO | Request started
2025-12-07 14:11:13,017 | INFO | Request completed
2025-12-07 14:11:13,018 | INFO | GET /metrics → 404 (2.62ms)
2025-12-07 14:11:23,014 | INFO | Request started
2025-12-07 14:11:23,017 | INFO | Request completed
2025-12-07 14:11:23,018 | INFO | GET /metrics → 404 (3.93ms)
2025-12-07 14:11:33,017 | INFO | Request started
2025-12-07 14:11:33,021 | INFO | Request completed
2025-12-07 14:11:33,022 | INFO | GET /metrics → 404 (6.23ms)
2025-12-07 14:11:43,015 | INFO | Request started
2025-12-07 14:11:43,017 | INFO | Request completed
2025-12-07 14:11:43,018 | INFO | GET /metrics → 404 (3.24ms)
2025-12-07 14:11:53,010 | INFO | Request started
2025-12-07 14:11:53,012 | INFO | Request completed
2025-12-07 14:11:53,012 | INFO | GET /metrics → 404 (2.52ms)
2025-12-07 14:12:03,015 | INFO | Request started
2025-12-07 14:12:03,017 | INFO | Request completed
2025-12-07 14:12:03,017 | INFO | GET /metrics → 404 (2.30ms)
2025-12-07 14:12:13,016 | INFO | Request started
2025-12-07 14:12:13,018 | INFO | Request completed
2025-12-07 14:12:13,018 | INFO | GET /metrics → 404 (2.84ms)
2025-12-07 14:12:23,013 | INFO | Request started
2025-12-07 14:12:23,015 | INFO | Request completed
2025-12-07 14:12:23,016 | INFO | GET /metrics → 404 (4.10ms)
2025-12-07 14:12:33,014 | INFO | Request started
2025-12-07 14:12:33,016 | INFO | Request completed
2025-12-07 14:12:33,016 | INFO | GET /metrics → 404 (2.43ms)
2025-12-07 22:37:44,005 | INFO | Request started
2025-12-07 22:37:44,006 | INFO | Request completed
2025-12-07 22:37:44,006 | INFO | GET /api/v1/mars/pack/pkmars → 200 (0.90ms)
2025-12-07 22:37:44,007 | INFO | HTTP Request: GET http://testserver/api/v1/mars/pack/pkmars "HTTP/1.1 200 OK"
2025-12-07 22:37:44,009 | INFO | Request started
2025-12-07 22:37:44,010 | INFO | Request completed
2025-12-07 22:37:44,010 | INFO | GET /api/v1/city/dashboard → 200 (2.08ms)
2025-12-07 22:37:44,011 | INFO | HTTP Request: GET http://testserver/api/v1/city/dashboard "HTTP/1.1 200 OK"
2025-12-07 22:37:44,012 | INFO | Request started
2025-12-07 22:37:44,012 | INFO | Request completed
2025-12-07 22:37:44,012 | INFO | GET /api/v1/graph/entities → 200 (0.69ms)
2025-12-07 22:37:44,013 | INFO | HTTP Request: GET http://testserver/api/v1/graph/entities "HTTP/1.1 200 OK"
2025-12-07 22:37:51,805 | INFO | Request started
2025-12-07 22:37:51,809 | INFO | Request completed
2025-12-07 22:37:51,810 | INFO | GET /admin/ → 200 (4.47ms)
2025-12-07 22:37:51,811 | INFO | HTTP Request: GET http://testserver/admin/ "HTTP/1.1 200 OK"
2025-12-07 22:37:51,811 | INFO | Request started
2025-12-07 22:37:51,812 | INFO | Request completed
2025-12-07 22:37:51,813 | INFO | GET /limepass/ → 200 (1.41ms)
2025-12-07 22:37:51,813 | INFO | HTTP Request: GET http://testserver/limepass/ "HTTP/1.1 200 OK"
2025-12-07 22:37:51,814 | INFO | Request started
2025-12-07 22:37:51,814 | INFO | Request completed
2025-12-07 22:37:51,814 | INFO | GET /market → 307 (0.62ms)
2025-12-07 22:37:51,815 | INFO | HTTP Request: GET http://testserver/market "HTTP/1.1 307 Temporary Redirect"
2025-12-07 22:37:51,815 | INFO | Request started
2025-12-07 22:37:51,816 | INFO | Request completed
2025-12-07 22:37:51,817 | INFO | GET /market/ → 200 (1.34ms)
2025-12-07 22:37:51,817 | INFO | HTTP Request: GET http://testserver/market/ "HTTP/1.1 200 OK"
2025-12-07 22:37:51,818 | INFO | Request started
2025-12-07 22:37:51,818 | INFO | Request completed
2025-12-07 22:37:51,818 | INFO | GET /cell → 307 (0.63ms)
2025-12-07 22:37:51,819 | INFO | HTTP Request: GET http://testserver/cell "HTTP/1.1 307 Temporary Redirect"
2025-12-07 22:37:51,819 | INFO | Request started
2025-12-07 22:37:51,820 | INFO | Request completed
2025-12-07 22:37:51,820 | INFO | GET /cell/ → 200 (1.26ms)
2025-12-07 22:37:51,821 | INFO | HTTP Request: GET http://testserver/cell/ "HTTP/1.1 200 OK"
2025-12-07 22:41:00,923 | INFO | Request started
2025-12-07 22:41:00,924 | INFO | Request completed
2025-12-07 22:41:00,924 | INFO | GET /api/v1/mars/pack/pkmars → 200 (0.95ms)
2025-12-07 22:41:00,925 | INFO | HTTP Request: GET http://testserver/api/v1/mars/pack/pkmars "HTTP/1.1 200 OK"
2025-12-07 22:41:00,925 | INFO | Request started
2025-12-07 22:41:00,926 | INFO | Request completed
2025-12-07 22:41:00,926 | INFO | GET /api/v1/mars/twins → 200 (0.66ms)
2025-12-07 22:41:00,926 | INFO | HTTP Request: GET http://testserver/api/v1/mars/twins "HTTP/1.1 200 OK"
2025-12-07 22:41:00,927 | INFO | Request started
2025-12-07 22:41:00,927 | INFO | Request completed
2025-12-07 22:41:00,927 | INFO | GET /api/v1/mars/dashboard → 200 (0.63ms)
2025-12-07 22:41:00,928 | INFO | HTTP Request: GET http://testserver/api/v1/mars/dashboard "HTTP/1.1 200 OK"
2025-12-07 22:41:00,928 | INFO | Request started
2025-12-07 22:41:00,929 | INFO | Request completed
2025-12-07 22:41:00,929 | INFO | GET /api/v1/city/pack/pkcity → 200 (0.64ms)
2025-12-07 22:41:00,930 | INFO | HTTP Request: GET http://testserver/api/v1/city/pack/pkcity "HTTP/1.1 200 OK"
2025-12-07 22:41:00,930 | INFO | Request started
2025-12-07 22:41:00,931 | INFO | Request completed
2025-12-07 22:41:00,931 | INFO | GET /api/v1/city/dashboard → 200 (0.57ms)
2025-12-07 22:41:00,931 | INFO | HTTP Request: GET http://testserver/api/v1/city/dashboard "HTTP/1.1 200 OK"
2025-12-07 22:41:00,932 | INFO | Request started
2025-12-07 22:41:00,932 | INFO | Request completed
2025-12-07 22:41:00,932 | INFO | GET /api/v1/city/twins → 200 (0.59ms)
2025-12-07 22:41:00,933 | INFO | HTTP Request: GET http://testserver/api/v1/city/twins "HTTP/1.1 200 OK"
2025-12-07 22:41:00,933 | INFO | Request started
2025-12-07 22:41:00,933 | INFO | Request completed
2025-12-07 22:41:00,934 | INFO | GET /api/v1/graph/entities → 200 (0.61ms)
2025-12-07 22:41:00,934 | INFO | HTTP Request: GET http://testserver/api/v1/graph/entities "HTTP/1.1 200 OK"
2025-12-07 22:41:00,934 | INFO | Request started
2025-12-07 22:41:00,935 | INFO | Request completed
2025-12-07 22:41:00,935 | INFO | GET /api/v1/graph/relationships → 200 (0.57ms)
2025-12-07 22:41:00,935 | INFO | HTTP Request: GET http://testserver/api/v1/graph/relationships "HTTP/1.1 200 OK"
2025-12-07 22:41:00,936 | INFO | Request started
2025-12-07 22:41:00,939 | INFO | Request completed
2025-12-07 22:41:00,940 | INFO | GET /admin/ → 200 (3.99ms)
2025-12-07 22:41:00,941 | INFO | HTTP Request: GET http://testserver/admin/ "HTTP/1.1 200 OK"
2025-12-07 22:41:00,941 | INFO | Request started
2025-12-07 22:41:00,941 | INFO | Request completed
2025-12-07 22:41:00,942 | INFO | GET /market → 307 (0.66ms)
2025-12-07 22:41:00,942 | INFO | HTTP Request: GET http://testserver/market "HTTP/1.1 307 Temporary Redirect"
2025-12-07 22:41:00,942 | INFO | Request started
2025-12-07 22:41:00,943 | INFO | Request completed
2025-12-07 22:41:00,944 | INFO | GET /market/ → 200 (1.35ms)
2025-12-07 22:41:00,944 | INFO | HTTP Request: GET http://testserver/market/ "HTTP/1.1 200 OK"
2025-12-07 22:41:00,945 | INFO | Request started
2025-12-07 22:41:00,946 | INFO | Request completed
2025-12-07 22:41:00,947 | INFO | GET /limepass/ → 200 (1.73ms)
2025-12-07 22:41:00,947 | INFO | HTTP Request: GET http://testserver/limepass/ "HTTP/1.1 200 OK"
2025-12-07 22:43:56,620 | INFO | Request started
2025-12-07 22:43:56,621 | INFO | Request completed
2025-12-07 22:43:56,621 | INFO | GET /api/v1/financial/costs → 200 (1.09ms)
2025-12-07 22:43:56,622 | INFO | HTTP Request: GET http://testserver/api/v1/financial/costs "HTTP/1.1 200 OK"
2025-12-07 22:43:56,623 | INFO | Request started
2025-12-07 22:43:56,623 | INFO | Request completed
2025-12-07 22:43:56,623 | INFO | POST /api/v1/financial/profile → 404 (0.78ms)
2025-12-07 22:43:56,624 | INFO | HTTP Request: POST http://testserver/api/v1/financial/profile "HTTP/1.1 404 Not Found"
2025-12-07 22:43:56,624 | INFO | Request started
2025-12-07 22:43:56,625 | INFO | Request completed
2025-12-07 22:43:56,625 | INFO | GET /api/v1/risk/factors → 404 (0.61ms)
2025-12-07 22:43:56,625 | INFO | HTTP Request: GET http://testserver/api/v1/risk/factors "HTTP/1.1 404 Not Found"
2025-12-07 22:43:56,626 | INFO | Request started
2025-12-07 22:43:56,626 | INFO | Request completed
2025-12-07 22:43:56,626 | INFO | GET /api/v1/risk/assessment → 404 (0.58ms)
2025-12-07 22:43:56,627 | INFO | HTTP Request: GET http://testserver/api/v1/risk/assessment "HTTP/1.1 404 Not Found"
2025-12-07 22:43:56,627 | INFO | Request started
2025-12-07 22:43:56,627 | INFO | Request completed
2025-12-07 22:43:56,628 | INFO | GET /api/v1/chatbot/flow → 404 (0.57ms)
2025-12-07 22:43:56,628 | INFO | HTTP Request: GET http://testserver/api/v1/chatbot/flow "HTTP/1.1 404 Not Found"
2025-12-07 22:43:56,628 | INFO | Request started
2025-12-07 22:43:56,629 | INFO | Request completed
2025-12-07 22:43:56,629 | INFO | POST /api/v1/chatbot/message → 404 (0.59ms)
2025-12-07 22:43:56,629 | INFO | HTTP Request: POST http://testserver/api/v1/chatbot/message "HTTP/1.1 404 Not Found"
2025-12-07 22:44:20,347 | INFO | Request started
2025-12-07 22:44:20,347 | INFO | Request completed
2025-12-07 22:44:20,348 | INFO | GET /api/v1/financial/costs → 200 (1.03ms)
2025-12-07 22:44:20,349 | INFO | HTTP Request: GET http://testserver/api/v1/financial/costs "HTTP/1.1 200 OK"
2025-12-07 22:44:20,349 | INFO | Request started
2025-12-07 22:44:20,350 | INFO | Request completed
2025-12-07 22:44:20,350 | INFO | GET /api/v1/financial/demo → 200 (1.03ms)
2025-12-07 22:44:20,351 | INFO | HTTP Request: GET http://testserver/api/v1/financial/demo "HTTP/1.1 200 OK"
2025-12-07 22:44:20,351 | INFO | Request started
2025-12-07 22:44:20,352 | INFO | Request completed
2025-12-07 22:44:20,352 | INFO | POST /api/v1/financial/compare → 200 (0.83ms)
2025-12-07 22:44:20,352 | INFO | HTTP Request: POST http://testserver/api/v1/financial/compare "HTTP/1.1 200 OK"
2025-12-07 22:44:20,353 | INFO | Request started
2025-12-07 22:44:20,353 | INFO | Request completed
2025-12-07 22:44:20,353 | INFO | GET /api/v1/risk/alerts → 200 (0.63ms)
2025-12-07 22:44:20,354 | INFO | HTTP Request: GET http://testserver/api/v1/risk/alerts "HTTP/1.1 200 OK"
2025-12-07 22:44:20,354 | INFO | Request started
2025-12-07 22:44:20,355 | INFO | Request completed
2025-12-07 22:44:20,355 | INFO | GET /api/v1/risk/dashboard → 200 (0.61ms)
2025-12-07 22:44:20,355 | INFO | HTTP Request: GET http://testserver/api/v1/risk/dashboard "HTTP/1.1 200 OK"
2025-12-07 22:44:20,356 | INFO | Request started
2025-12-07 22:44:20,356 | INFO | Request completed
2025-12-07 22:44:20,356 | INFO | GET /api/v1/risk/demo → 200 (0.64ms)
2025-12-07 22:44:20,357 | INFO | HTTP Request: GET http://testserver/api/v1/risk/demo "HTTP/1.1 200 OK"
2025-12-07 22:44:20,358 | INFO | Request started
2025-12-07 22:44:20,358 | INFO | Request completed
2025-12-07 22:44:20,358 | INFO | GET /api/v1/chatbot/stats → 200 (0.55ms)
2025-12-07 22:44:20,358 | INFO | HTTP Request: GET http://testserver/api/v1/chatbot/stats "HTTP/1.1 200 OK"
2025-12-07 22:44:20,359 | INFO | Request started
2025-12-07 22:44:20,359 | INFO | Request completed
2025-12-07 22:44:20,360 | INFO | POST /api/v1/chatbot/webhook → 200 (0.72ms)
2025-12-07 22:44:20,360 | INFO | HTTP Request: POST http://testserver/api/v1/chatbot/webhook "HTTP/1.1 200 OK"
2025-12-07 22:44:20,360 | INFO | Request started
2025-12-07 22:44:20,361 | INFO | Request completed
2025-12-07 22:44:20,361 | INFO | POST /api/v1/chatbot/simulate → 200 (0.81ms)
2025-12-07 22:44:20,362 | INFO | HTTP Request: POST http://testserver/api/v1/chatbot/simulate "HTTP/1.1 200 OK"
2025-12-07 22:46:48,118 | INFO | Request started
2025-12-07 22:46:48,119 | INFO | Request completed
2025-12-07 22:46:48,119 | INFO | GET /api/v1/devices → 404 (1.24ms)
2025-12-07 22:46:48,120 | INFO | HTTP Request: GET http://testserver/api/v1/devices "HTTP/1.1 404 Not Found"
2025-12-07 22:46:48,121 | INFO | Request started
2025-12-07 22:46:48,121 | INFO | Request completed
2025-12-07 22:46:48,122 | INFO | GET /api/v1/devices → 404 (0.82ms)
2025-12-07 22:46:48,122 | INFO | HTTP Request: GET http://testserver/api/v1/devices "HTTP/1.1 404 Not Found"
2025-12-07 22:46:48,123 | INFO | Request started
2025-12-07 22:46:48,123 | INFO | Request completed
2025-12-07 22:46:48,123 | INFO | GET /api/v1/devices → 404 (0.61ms)
2025-12-07 22:46:48,124 | INFO | HTTP Request: GET http://testserver/api/v1/devices "HTTP/1.1 404 Not Found"
2025-12-07 22:46:48,124 | INFO | Request started
2025-12-07 22:46:48,125 | INFO | Request completed
2025-12-07 22:46:48,125 | INFO | GET /api/v1/mars/twins → 200 (0.60ms)
2025-12-07 22:46:48,125 | INFO | HTTP Request: GET http://testserver/api/v1/mars/twins "HTTP/1.1 200 OK"
2025-12-07 22:46:48,126 | INFO | Request started
2025-12-07 22:46:48,126 | INFO | Request completed
2025-12-07 22:46:48,126 | INFO | GET /api/v1/mars/twins → 200 (0.56ms)
2025-12-07 22:46:48,127 | INFO | HTTP Request: GET http://testserver/api/v1/mars/twins "HTTP/1.1 200 OK"
2025-12-07 22:46:48,127 | INFO | Request started
2025-12-07 22:46:48,127 | INFO | Request completed
2025-12-07 22:46:48,128 | INFO | GET /api/v1/mars/twins → 200 (0.60ms)
2025-12-07 22:46:48,128 | INFO | HTTP Request: GET http://testserver/api/v1/mars/twins "HTTP/1.1 200 OK"
2025-12-07 22:46:48,129 | INFO | Request started
2025-12-07 22:46:48,130 | INFO | Request completed
2025-12-07 22:46:48,130 | INFO | GET /api/v1/city/dashboard → 200 (0.80ms)
2025-12-07 22:46:48,131 | INFO | HTTP Request: GET http://testserver/api/v1/city/dashboard "HTTP/1.1 200 OK"
2025-12-07 22:46:48,131 | INFO | Request started
2025-12-07 22:46:48,132 | INFO | Request completed
2025-12-07 22:46:48,132 | INFO | GET /api/v1/city/dashboard → 200 (0.62ms)
2025-12-07 22:46:48,132 | INFO | HTTP Request: GET http://testserver/api/v1/city/dashboard "HTTP/1.1 200 OK"
2025-12-07 22:46:48,133 | INFO | Request started
2025-12-07 22:46:48,133 | INFO | Request completed
2025-12-07 22:46:48,133 | INFO | GET /api/v1/city/dashboard → 200 (0.81ms)
2025-12-07 22:46:48,134 | INFO | HTTP Request: GET http://testserver/api/v1/city/dashboard "HTTP/1.1 200 OK"
2025-12-07 22:46:48,135 | INFO | Request started
2025-12-07 22:46:48,135 | INFO | Request completed
2025-12-07 22:46:48,135 | INFO | GET /api/v1/graph/entities → 200 (0.73ms)
2025-12-07 22:46:48,136 | INFO | HTTP Request: GET http://testserver/api/v1/graph/entities "HTTP/1.1 200 OK"
2025-12-07 22:46:48,136 | INFO | Request started
2025-12-07 22:46:48,137 | INFO | Request completed
2025-12-07 22:46:48,137 | INFO | GET /api/v1/graph/entities → 200 (0.87ms)
2025-12-07 22:46:48,138 | INFO | HTTP Request: GET http://testserver/api/v1/graph/entities "HTTP/1.1 200 OK"
2025-12-07 22:46:48,138 | INFO | Request started
2025-12-07 22:46:48,139 | INFO | Request completed
2025-12-07 22:46:48,139 | INFO | GET /api/v1/graph/entities → 200 (0.80ms)
2025-12-07 22:46:48,140 | INFO | HTTP Request: GET http://testserver/api/v1/graph/entities "HTTP/1.1 200 OK"
2025-12-07 22:46:48,140 | INFO | Request started
2025-12-07 22:46:48,141 | INFO | Request completed
2025-12-07 22:46:48,141 | INFO | GET /api/v1/financial/costs → 200 (0.62ms)
2025-12-07 22:46:48,141 | INFO | HTTP Request: GET http://testserver/api/v1/financial/costs "HTTP/1.1 200 OK"
2025-12-07 22:46:48,142 | INFO | Request started
2025-12-07 22:46:48,142 | INFO | Request completed
2025-12-07 22:46:48,142 | INFO | GET /api/v1/financial/costs → 200 (0.58ms)
2025-12-07 22:46:48,143 | INFO | HTTP Request: GET http://testserver/api/v1/financial/costs "HTTP/1.1 200 OK"
2025-12-07 22:46:48,143 | INFO | Request started
2025-12-07 22:46:48,143 | INFO | Request completed
2025-12-07 22:46:48,144 | INFO | GET /api/v1/financial/costs → 200 (0.54ms)
2025-12-07 22:46:48,144 | INFO | HTTP Request: GET http://testserver/api/v1/financial/costs "HTTP/1.1 200 OK"
2025-12-07 22:46:48,145 | INFO | Request started
2025-12-07 22:46:48,146 | INFO | Request completed
2025-12-07 22:46:48,146 | INFO | GET /api/v1/risk/alerts → 200 (1.44ms)
2025-12-07 22:46:48,147 | INFO | HTTP Request: GET http://testserver/api/v1/risk/alerts "HTTP/1.1 200 OK"
2025-12-07 22:46:48,147 | INFO | Request started
2025-12-07 22:46:48,148 | INFO | Request completed
2025-12-07 22:46:48,148 | INFO | GET /api/v1/risk/alerts → 200 (0.61ms)
2025-12-07 22:46:48,149 | INFO | HTTP Request: GET http://testserver/api/v1/risk/alerts "HTTP/1.1 200 OK"
2025-12-07 22:46:48,149 | INFO | Request started
2025-12-07 22:46:48,149 | INFO | Request completed
2025-12-07 22:46:48,150 | INFO | GET /api/v1/risk/alerts → 200 (0.59ms)
2025-12-07 22:46:48,150 | INFO | HTTP Request: GET http://testserver/api/v1/risk/alerts "HTTP/1.1 200 OK"
2025-12-07 22:46:48,151 | INFO | Request started
2025-12-07 22:46:48,151 | INFO | Request completed
2025-12-07 22:46:48,151 | INFO | GET /api/v1/chatbot/stats → 200 (0.70ms)
2025-12-07 22:46:48,152 | INFO | HTTP Request: GET http://testserver/api/v1/chatbot/stats "HTTP/1.1 200 OK"
2025-12-07 22:46:48,152 | INFO | Request started
2025-12-07 22:46:48,153 | INFO | Request completed
2025-12-07 22:46:48,153 | INFO | GET /api/v1/chatbot/stats → 200 (0.87ms)
2025-12-07 22:46:48,154 | INFO | HTTP Request: GET http://testserver/api/v1/chatbot/stats "HTTP/1.1 200 OK"
2025-12-07 22:46:48,155 | INFO | Request started
2025-12-07 22:46:48,155 | INFO | Request completed
2025-12-07 22:46:48,155 | INFO | GET /api/v1/chatbot/stats → 200 (0.66ms)
2025-12-07 22:46:48,156 | INFO | HTTP Request: GET http://testserver/api/v1/chatbot/stats "HTTP/1.1 200 OK"
2025-12-07 22:46:48,157 | INFO | Request started
2025-12-07 22:46:48,157 | INFO | Request completed
2025-12-07 22:46:48,157 | INFO | GET /market → 307 (0.61ms)
2025-12-07 22:46:48,157 | INFO | HTTP Request: GET http://testserver/market "HTTP/1.1 307 Temporary Redirect"
2025-12-07 22:46:48,158 | INFO | Request started
2025-12-07 22:46:48,161 | INFO | Request completed
2025-12-07 22:46:48,161 | INFO | GET /market/ → 200 (3.39ms)
2025-12-07 22:46:48,162 | INFO | HTTP Request: GET http://testserver/market/ "HTTP/1.1 200 OK"
2025-12-07 22:46:48,163 | INFO | Request started
2025-12-07 22:46:48,163 | INFO | Request completed
2025-12-07 22:46:48,163 | INFO | GET /market → 307 (0.70ms)
2025-12-07 22:46:48,164 | INFO | HTTP Request: GET http://testserver/market "HTTP/1.1 307 Temporary Redirect"
2025-12-07 22:46:48,164 | INFO | Request started
2025-12-07 22:46:48,165 | INFO | Request completed
2025-12-07 22:46:48,165 | INFO | GET /market/ → 200 (1.03ms)
2025-12-07 22:46:48,166 | INFO | HTTP Request: GET http://testserver/market/ "HTTP/1.1 200 OK"
2025-12-07 22:46:48,166 | INFO | Request started
2025-12-07 22:46:48,167 | INFO | Request completed
2025-12-07 22:46:48,167 | INFO | GET /market → 307 (0.62ms)
2025-12-07 22:46:48,167 | INFO | HTTP Request: GET http://testserver/market "HTTP/1.1 307 Temporary Redirect"
2025-12-07 22:46:48,168 | INFO | Request started
2025-12-07 22:46:48,168 | INFO | Request completed
2025-12-07 22:46:48,169 | INFO | GET /market/ → 200 (1.13ms)
2025-12-07 22:46:48,169 | INFO | HTTP Request: GET http://testserver/market/ "HTTP/1.1 200 OK"
2025-12-07 22:46:48,170 | INFO | Request started
2025-12-07 22:46:48,171 | INFO | Request completed
2025-12-07 22:46:48,172 | INFO | GET /admin/ → 200 (2.05ms)
2025-12-07 22:46:48,173 | INFO | HTTP Request: GET http://testserver/admin/ "HTTP/1.1 200 OK"
2025-12-07 22:46:48,174 | INFO | Request started
2025-12-07 22:46:48,174 | INFO | Request completed
2025-12-07 22:46:48,175 | INFO | GET /admin/ → 200 (1.08ms)
2025-12-07 22:46:48,175 | INFO | HTTP Request: GET http://testserver/admin/ "HTTP/1.1 200 OK"
2025-12-07 22:46:48,176 | INFO | Request started
2025-12-07 22:46:48,176 | INFO | Request completed
2025-12-07 22:46:48,177 | INFO | GET /admin/ → 200 (1.05ms)
2025-12-07 22:46:48,178 | INFO | HTTP Request: GET http://testserver/admin/ "HTTP/1.1 200 OK"
2025-12-08 04:05:50,287 | INFO | Request started
2025-12-08 04:05:50,288 | INFO | Request completed
2025-12-08 04:05:50,288 | INFO | GET /api/v1/svc/student/TEST_001 → 200 (1.33ms)
2025-12-08 04:05:50,288 | INFO | HTTP Request: GET http://testserver/api/v1/svc/student/TEST_001 "HTTP/1.1 200 OK"
2025-12-08 04:05:50,289 | INFO | Request started
2025-12-08 04:05:50,289 | INFO | Request completed
2025-12-08 04:05:50,290 | INFO | GET /api/v1/svc/cohort/COHORT_001 → 200 (0.65ms)
2025-12-08 04:05:50,290 | INFO | HTTP Request: GET http://testserver/api/v1/svc/cohort/COHORT_001 "HTTP/1.1 200 OK"
2025-12-08 08:09:45,029 | INFO | Request started
2025-12-08 08:09:45,031 | INFO | Request completed
2025-12-08 08:09:45,031 | INFO | GET /api/v1/svc/student/TEST_001 → 200 (1.73ms)
2025-12-08 08:09:45,032 | INFO | HTTP Request: GET http://testserver/api/v1/svc/student/TEST_001 "HTTP/1.1 200 OK"
2025-12-08 08:09:45,032 | INFO | Request started
2025-12-08 08:09:45,033 | INFO | Request completed
2025-12-08 08:09:45,033 | INFO | GET /api/v1/svc/cohort/COHORT_001 → 200 (0.65ms)
2025-12-08 08:09:45,033 | INFO | HTTP Request: GET http://testserver/api/v1/svc/cohort/COHORT_001 "HTTP/1.1 200 OK"
2025-12-08 08:16:42,821 | INFO | Request started
2025-12-08 08:16:42,822 | INFO | Request completed
2025-12-08 08:16:42,822 | INFO | GET /api/v1/svc/student/TEST_001 → 200 (1.17ms)
2025-12-08 08:16:42,823 | INFO | HTTP Request: GET http://testserver/api/v1/svc/student/TEST_001 "HTTP/1.1 200 OK"
2025-12-08 08:16:42,824 | INFO | Request started
2025-12-08 08:16:42,824 | INFO | Request completed
2025-12-08 08:16:42,824 | INFO | GET /api/v1/svc/cohort/COHORT_001 → 200 (0.66ms)
2025-12-08 08:16:42,825 | INFO | HTTP Request: GET http://testserver/api/v1/svc/cohort/COHORT_001 "HTTP/1.1 200 OK"
2025-12-08 08:16:42,825 | INFO | Request started
2025-12-08 08:16:42,826 | INFO | Request completed
2025-12-08 08:16:42,826 | INFO | GET /api/v1/svc/university/UNI_001 → 200 (0.54ms)
2025-12-08 08:16:42,826 | INFO | HTTP Request: GET http://testserver/api/v1/svc/university/UNI_001 "HTTP/1.1 200 OK"
2025-12-08 08:16:42,827 | INFO | Request started
2025-12-08 08:16:42,827 | INFO | Request completed
2025-12-08 08:16:42,827 | INFO | GET /api/v1/svc/employer/EMP_001 → 200 (0.57ms)
2025-12-08 08:16:42,828 | INFO | HTTP Request: GET http://testserver/api/v1/svc/employer/EMP_001 "HTTP/1.1 200 OK"
2025-12-08 08:16:42,828 | INFO | Request started
2025-12-08 08:16:42,829 | INFO | Request completed
2025-12-08 08:16:42,829 | INFO | GET /api/v1/svc/country/KR → 200 (0.56ms)
2025-12-08 08:16:42,829 | INFO | HTTP Request: GET http://testserver/api/v1/svc/country/KR "HTTP/1.1 200 OK"
2025-12-08 08:16:42,830 | INFO | Request started
2025-12-08 08:16:42,830 | INFO | Request completed
2025-12-08 08:16:42,830 | INFO | GET /api/v1/svc/flow → 200 (0.57ms)
2025-12-08 08:16:42,831 | INFO | HTTP Request: GET http://testserver/api/v1/svc/flow "HTTP/1.1 200 OK"
2025-12-08 08:16:42,831 | INFO | Request started
2025-12-08 08:16:42,831 | INFO | Request completed
2025-12-08 08:16:42,832 | INFO | GET /api/v1/svc/autopilot → 200 (0.67ms)
2025-12-08 08:16:42,832 | INFO | HTTP Request: GET http://testserver/api/v1/svc/autopilot "HTTP/1.1 200 OK"
2025-12-08 08:55:32,793 | INFO | Request started
2025-12-08 08:55:32,794 | INFO | Request completed
2025-12-08 08:55:32,794 | INFO | GET /api/v1/svc/student/TEST_001 → 200 (1.14ms)
2025-12-08 08:55:32,795 | INFO | HTTP Request: GET http://testserver/api/v1/svc/student/TEST_001 "HTTP/1.1 200 OK"
2025-12-08 09:15:01,868 | INFO | Request started
2025-12-08 09:15:01,869 | INFO | Request completed
2025-12-08 09:15:01,869 | INFO | GET /api/v1/svc/student/TEST_001 → 200 (1.13ms)
2025-12-08 09:15:01,870 | INFO | HTTP Request: GET http://testserver/api/v1/svc/student/TEST_001 "HTTP/1.1 200 OK"
2025-12-08 22:18:18,854 | INFO | Request started
2025-12-08 22:18:18,855 | INFO | Request completed
2025-12-08 22:18:18,855 | INFO | GET /api/v1/svc/student/TEST_001 → 200 (1.22ms)
2025-12-08 22:18:18,856 | INFO | HTTP Request: GET http://testserver/api/v1/svc/student/TEST_001 "HTTP/1.1 200 OK"
2025-12-08 22:25:41,152 | INFO | Request started
2025-12-08 22:25:41,153 | INFO | Request completed
2025-12-08 22:25:41,153 | INFO | GET /api/v1/svc/student/TEST_001 → 200 (1.55ms)
2025-12-08 22:25:41,154 | INFO | HTTP Request: GET http://testserver/api/v1/svc/student/TEST_001 "HTTP/1.1 200 OK"
2025-12-09 08:09:35,548 | INFO | ✅ Redis connected successfully
2025-12-09 08:09:35,548 | INFO | ✅ Redis cache layer initialized
2025-12-09 08:09:35,548 | INFO | 🔥 Warming up cache with common endpoints...
2025-12-09 08:09:35,548 | INFO | ✅ Cache warmup complete: 0 keys
2025-12-09 08:09:44,980 | INFO | Request started
2025-12-09 08:09:44,982 | INFO | Request completed
2025-12-09 08:09:44,982 | INFO | GET /api/v1/lime/health → 200 (2.22ms)
2025-12-09 08:11:53,412 | INFO | Request started
2025-12-09 08:11:53,414 | INFO | Request completed
2025-12-09 08:11:53,414 | INFO | GET /api/v1/lime/events → 200 (2.08ms)
2025-12-09 08:11:53,458 | INFO | Request started
2025-12-09 08:11:53,459 | INFO | Request completed
2025-12-09 08:11:53,459 | INFO | GET /api/v1/lime/entities → 200 (1.32ms)
2025-12-09 08:11:53,490 | INFO | Request started
2025-12-09 08:11:53,491 | INFO | Request completed
2025-12-09 08:11:53,491 | INFO | GET /api/v1/lime/state/HUM:001 → 200 (0.96ms)
2025-12-09 08:11:53,520 | INFO | Request started
2025-12-09 08:11:53,521 | INFO | Request completed
2025-12-09 08:11:53,521 | INFO | POST /api/v1/lime/event → 200 (1.27ms)
2025-12-09 08:11:53,548 | INFO | Request started
2025-12-09 08:11:53,549 | INFO | Request completed
2025-12-09 08:11:53,549 | INFO | GET /api/v1/lime/settlement/HUM:001 → 200 (0.82ms)
2025-12-09 08:20:15,235 | INFO | Request started
2025-12-09 08:20:15,236 | INFO | Request completed
2025-12-09 08:20:15,236 | INFO | GET /api/v1/lime/health → 200 (1.30ms)
2025-12-09 08:20:15,237 | INFO | HTTP Request: GET http://testserver/api/v1/lime/health "HTTP/1.1 200 OK"
2025-12-09 08:20:15,237 | INFO | Request started
2025-12-09 08:20:15,238 | INFO | Request completed
2025-12-09 08:20:15,238 | INFO | GET /api/v1/lime/events → 200 (0.95ms)
2025-12-09 08:20:15,239 | INFO | HTTP Request: GET http://testserver/api/v1/lime/events "HTTP/1.1 200 OK"
2025-12-09 08:20:15,239 | INFO | Request started
2025-12-09 08:20:15,240 | INFO | Request completed
2025-12-09 08:20:15,240 | INFO | GET /api/v1/lime/entities → 200 (1.00ms)
2025-12-09 08:20:15,241 | INFO | HTTP Request: GET http://testserver/api/v1/lime/entities "HTTP/1.1 200 OK"
2025-12-09 08:20:29,629 | INFO | Request started
2025-12-09 08:20:29,630 | INFO | Request completed
2025-12-09 08:20:29,630 | INFO | GET /api/v1/lime/state/HUM_001 → 404 (1.23ms)
2025-12-09 08:20:29,631 | INFO | HTTP Request: GET http://testserver/api/v1/lime/state/HUM_001 "HTTP/1.1 404 Not Found"
2025-12-09 08:20:29,631 | INFO | Request started
2025-12-09 08:20:29,632 | INFO | Request completed
2025-12-09 08:20:29,632 | INFO | GET /api/v1/lime/settlement/HUM_001 → 404 (1.02ms)
2025-12-09 08:20:29,633 | INFO | HTTP Request: GET http://testserver/api/v1/lime/settlement/HUM_001 "HTTP/1.1 404 Not Found"
2025-12-09 08:20:29,633 | INFO | Request started
2025-12-09 08:20:29,635 | INFO | Request completed
2025-12-09 08:20:29,635 | INFO | GET /api/v1/lime/scenarios → 200 (1.67ms)
2025-12-09 08:20:29,636 | INFO | HTTP Request: GET http://testserver/api/v1/lime/scenarios "HTTP/1.1 200 OK"
2025-12-09 08:21:10,369 | INFO | Request started
2025-12-09 08:21:10,369 | INFO | Request completed
2025-12-09 08:21:10,370 | INFO | GET /api/v1/lime/health → 200 (1.06ms)
2025-12-09 08:21:10,370 | INFO | HTTP Request: GET http://testserver/api/v1/lime/health "HTTP/1.1 200 OK"
2025-12-09 08:21:10,371 | INFO | Request started
2025-12-09 08:21:10,372 | INFO | Request completed
2025-12-09 08:21:10,372 | INFO | GET /api/v1/lime/events → 200 (0.84ms)
2025-12-09 08:21:10,372 | INFO | HTTP Request: GET http://testserver/api/v1/lime/events "HTTP/1.1 200 OK"
2025-12-09 08:21:10,373 | INFO | Request started
2025-12-09 08:21:10,373 | INFO | Request completed
2025-12-09 08:21:10,373 | INFO | GET /api/v1/lime/entities → 200 (0.80ms)
2025-12-09 08:21:10,374 | INFO | HTTP Request: GET http://testserver/api/v1/lime/entities "HTTP/1.1 200 OK"
2025-12-09 08:21:10,374 | INFO | Request started
2025-12-09 08:21:10,375 | INFO | Request completed
2025-12-09 08:21:10,375 | INFO | GET /api/v1/lime/state/HUM_001 → 404 (0.67ms)
2025-12-09 08:21:10,375 | INFO | HTTP Request: GET http://testserver/api/v1/lime/state/HUM_001 "HTTP/1.1 404 Not Found"
2025-12-09 08:21:10,376 | INFO | Request started
2025-12-09 08:21:10,376 | INFO | Request completed
2025-12-09 08:21:10,376 | INFO | GET /api/v1/lime/settlement/HUM_001 → 404 (0.63ms)
2025-12-09 08:21:10,377 | INFO | HTTP Request: GET http://testserver/api/v1/lime/settlement/HUM_001 "HTTP/1.1 404 Not Found"
2025-12-09 08:21:10,377 | INFO | Request started
2025-12-09 08:21:10,378 | INFO | Request completed
2025-12-09 08:21:10,378 | INFO | GET /api/v1/lime/scenarios → 200 (0.76ms)
2025-12-09 08:21:10,378 | INFO | HTTP Request: GET http://testserver/api/v1/lime/scenarios "HTTP/1.1 200 OK"
2025-12-09 08:21:17,967 | INFO | Request started
2025-12-09 08:21:17,968 | INFO | Request completed
2025-12-09 08:21:17,968 | INFO | POST /api/v1/lime/event → 400 (1.41ms)
2025-12-09 08:21:17,969 | INFO | HTTP Request: POST http://testserver/api/v1/lime/event "HTTP/1.1 400 Bad Request"
2025-12-09 08:21:17,969 | INFO | Request started
2025-12-09 08:21:17,971 | INFO | Request completed
2025-12-09 08:21:17,971 | INFO | POST /api/v1/lime/simulate → 200 (1.98ms)
2025-12-09 08:21:17,972 | INFO | HTTP Request: POST http://testserver/api/v1/lime/simulate "HTTP/1.1 200 OK"
2025-12-09 08:21:17,972 | INFO | Request started
2025-12-09 08:21:17,973 | INFO | Request completed
2025-12-09 08:21:17,973 | INFO | POST /api/v1/lime/reset → 200 (0.76ms)
2025-12-09 08:21:17,973 | INFO | HTTP Request: POST http://testserver/api/v1/lime/reset "HTTP/1.1 200 OK"
2025-12-09 08:35:02,454 | INFO | Request started
2025-12-09 08:35:02,455 | INFO | Request completed
2025-12-09 08:35:02,455 | INFO | GET /api/v1/lime/health → 200 (1.20ms)
2025-12-09 08:35:02,456 | INFO | HTTP Request: GET http://testserver/api/v1/lime/health "HTTP/1.1 200 OK"
2025-12-09 08:35:02,456 | INFO | Request started
2025-12-09 08:35:02,457 | INFO | Request completed
2025-12-09 08:35:02,457 | INFO | GET /api/v1/lime/events → 200 (0.87ms)
2025-12-09 08:35:02,458 | INFO | HTTP Request: GET http://testserver/api/v1/lime/events "HTTP/1.1 200 OK"
2025-12-09 08:35:02,458 | INFO | Request started
2025-12-09 08:35:02,459 | INFO | Request completed
2025-12-09 08:35:02,459 | INFO | GET /api/v1/lime/entities → 200 (1.04ms)
2025-12-09 08:35:02,460 | INFO | HTTP Request: GET http://testserver/api/v1/lime/entities "HTTP/1.1 200 OK"
2025-12-09 08:35:02,460 | INFO | Request started
2025-12-09 08:35:02,461 | INFO | Request completed
2025-12-09 08:35:02,461 | INFO | GET /api/v1/lime/state/HUM:001 → 200 (0.73ms)
2025-12-09 08:35:02,461 | INFO | HTTP Request: GET http://testserver/api/v1/lime/state/HUM:001 "HTTP/1.1 200 OK"
2025-12-09 08:35:02,462 | INFO | Request started
2025-12-09 08:35:02,462 | INFO | Request completed
2025-12-09 08:35:02,462 | INFO | GET /api/v1/lime/settlement/HUM:001 → 200 (0.67ms)
2025-12-09 08:35:02,463 | INFO | HTTP Request: GET http://testserver/api/v1/lime/settlement/HUM:001 "HTTP/1.1 200 OK"
2025-12-09 08:35:02,463 | INFO | Request started
2025-12-09 08:35:02,464 | INFO | Request completed
2025-12-09 08:35:02,464 | INFO | GET /api/v1/lime/scenarios → 200 (0.83ms)
2025-12-09 08:35:02,464 | INFO | HTTP Request: GET http://testserver/api/v1/lime/scenarios "HTTP/1.1 200 OK"
2025-12-09 08:35:02,465 | INFO | Request started
2025-12-09 08:35:02,465 | INFO | Request completed
2025-12-09 08:35:02,466 | INFO | POST /api/v1/lime/event → 200 (1.02ms)
2025-12-09 08:35:02,466 | INFO | HTTP Request: POST http://testserver/api/v1/lime/event "HTTP/1.1 200 OK"
2025-12-09 08:35:02,467 | INFO | Request started
2025-12-09 08:35:02,467 | INFO | Request completed
2025-12-09 08:35:02,467 | INFO | POST /api/v1/lime/simulate → 200 (1.07ms)
2025-12-09 08:35:02,468 | INFO | HTTP Request: POST http://testserver/api/v1/lime/simulate "HTTP/1.1 200 OK"
2025-12-09 08:35:02,469 | INFO | Request started
2025-12-09 08:35:02,469 | INFO | Request completed
2025-12-09 08:35:02,469 | INFO | POST /api/v1/lime/reset → 200 (0.83ms)
2025-12-09 08:35:02,470 | INFO | HTTP Request: POST http://testserver/api/v1/lime/reset "HTTP/1.1 200 OK"
